#! /opt/local/bin/vvp
:ivl_version "11.0 (stable)" "(v11_0)";
:ivl_delay_selection "TYPICAL";
:vpi_time_precision - 12;
:vpi_module "/opt/local/lib/ivl/system.vpi";
:vpi_module "/opt/local/lib/ivl/vhdl_sys.vpi";
:vpi_module "/opt/local/lib/ivl/vhdl_textio.vpi";
:vpi_module "/opt/local/lib/ivl/v2005_math.vpi";
:vpi_module "/opt/local/lib/ivl/va_math.vpi";
S_0x133e06050 .scope module, "top" "top" 2 27;
 .timescale -9 -12;
v0x133e06310 .array "GPR", 0 31, 15 0;
v0x133e16690_0 .var "IR", 31 0;
v0x133e16730_0 .var "SGPR", 15 0;
v0x133e167e0_0 .var "mul_result", 31 0;
v0x133e06310_0 .array/port v0x133e06310, 0;
v0x133e06310_1 .array/port v0x133e06310, 1;
E_0x133e061c0/0 .event edge, v0x133e16690_0, v0x133e16730_0, v0x133e06310_0, v0x133e06310_1;
v0x133e06310_2 .array/port v0x133e06310, 2;
v0x133e06310_3 .array/port v0x133e06310, 3;
v0x133e06310_4 .array/port v0x133e06310, 4;
v0x133e06310_5 .array/port v0x133e06310, 5;
E_0x133e061c0/1 .event edge, v0x133e06310_2, v0x133e06310_3, v0x133e06310_4, v0x133e06310_5;
v0x133e06310_6 .array/port v0x133e06310, 6;
v0x133e06310_7 .array/port v0x133e06310, 7;
v0x133e06310_8 .array/port v0x133e06310, 8;
v0x133e06310_9 .array/port v0x133e06310, 9;
E_0x133e061c0/2 .event edge, v0x133e06310_6, v0x133e06310_7, v0x133e06310_8, v0x133e06310_9;
v0x133e06310_10 .array/port v0x133e06310, 10;
v0x133e06310_11 .array/port v0x133e06310, 11;
v0x133e06310_12 .array/port v0x133e06310, 12;
v0x133e06310_13 .array/port v0x133e06310, 13;
E_0x133e061c0/3 .event edge, v0x133e06310_10, v0x133e06310_11, v0x133e06310_12, v0x133e06310_13;
v0x133e06310_14 .array/port v0x133e06310, 14;
v0x133e06310_15 .array/port v0x133e06310, 15;
v0x133e06310_16 .array/port v0x133e06310, 16;
v0x133e06310_17 .array/port v0x133e06310, 17;
E_0x133e061c0/4 .event edge, v0x133e06310_14, v0x133e06310_15, v0x133e06310_16, v0x133e06310_17;
v0x133e06310_18 .array/port v0x133e06310, 18;
v0x133e06310_19 .array/port v0x133e06310, 19;
v0x133e06310_20 .array/port v0x133e06310, 20;
v0x133e06310_21 .array/port v0x133e06310, 21;
E_0x133e061c0/5 .event edge, v0x133e06310_18, v0x133e06310_19, v0x133e06310_20, v0x133e06310_21;
v0x133e06310_22 .array/port v0x133e06310, 22;
v0x133e06310_23 .array/port v0x133e06310, 23;
v0x133e06310_24 .array/port v0x133e06310, 24;
v0x133e06310_25 .array/port v0x133e06310, 25;
E_0x133e061c0/6 .event edge, v0x133e06310_22, v0x133e06310_23, v0x133e06310_24, v0x133e06310_25;
v0x133e06310_26 .array/port v0x133e06310, 26;
v0x133e06310_27 .array/port v0x133e06310, 27;
v0x133e06310_28 .array/port v0x133e06310, 28;
v0x133e06310_29 .array/port v0x133e06310, 29;
E_0x133e061c0/7 .event edge, v0x133e06310_26, v0x133e06310_27, v0x133e06310_28, v0x133e06310_29;
v0x133e06310_30 .array/port v0x133e06310, 30;
v0x133e06310_31 .array/port v0x133e06310, 31;
E_0x133e061c0/8 .event edge, v0x133e06310_30, v0x133e06310_31, v0x133e167e0_0;
E_0x133e061c0 .event/or E_0x133e061c0/0, E_0x133e061c0/1, E_0x133e061c0/2, E_0x133e061c0/3, E_0x133e061c0/4, E_0x133e061c0/5, E_0x133e061c0/6, E_0x133e061c0/7, E_0x133e061c0/8;
    .scope S_0x133e06050;
T_0 ;
    %wait E_0x133e061c0;
    %load/vec4 v0x133e16690_0;
    %parti/s 5, 27, 6;
    %dup/vec4;
    %pushi/vec4 0, 0, 5;
    %cmp/u;
    %jmp/1 T_0.0, 6;
    %dup/vec4;
    %pushi/vec4 1, 0, 5;
    %cmp/u;
    %jmp/1 T_0.1, 6;
    %dup/vec4;
    %pushi/vec4 2, 0, 5;
    %cmp/u;
    %jmp/1 T_0.2, 6;
    %dup/vec4;
    %pushi/vec4 3, 0, 5;
    %cmp/u;
    %jmp/1 T_0.3, 6;
    %dup/vec4;
    %pushi/vec4 4, 0, 5;
    %cmp/u;
    %jmp/1 T_0.4, 6;
    %dup/vec4;
    %pushi/vec4 5, 0, 5;
    %cmp/u;
    %jmp/1 T_0.5, 6;
    %pushi/vec4 0, 0, 16;
    %load/vec4 v0x133e16690_0;
    %parti/s 5, 22, 6;
    %pad/u 7;
    %ix/vec4 4;
    %store/vec4a v0x133e06310, 4, 0;
    %jmp T_0.7;
T_0.0 ;
    %load/vec4 v0x133e16730_0;
    %load/vec4 v0x133e16690_0;
    %parti/s 5, 22, 6;
    %pad/u 7;
    %ix/vec4 4;
    %store/vec4a v0x133e06310, 4, 0;
    %jmp T_0.7;
T_0.1 ;
    %load/vec4 v0x133e16690_0;
    %parti/s 1, 16, 6;
    %flag_set/vec4 8;
    %jmp/0xz  T_0.8, 8;
    %load/vec4 v0x133e16690_0;
    %parti/s 16, 0, 2;
    %load/vec4 v0x133e16690_0;
    %parti/s 5, 22, 6;
    %pad/u 7;
    %ix/vec4 4;
    %store/vec4a v0x133e06310, 4, 0;
    %jmp T_0.9;
T_0.8 ;
    %load/vec4 v0x133e16690_0;
    %parti/s 5, 11, 5;
    %pad/u 7;
    %ix/vec4 4;
    %load/vec4a v0x133e06310, 4;
    %load/vec4 v0x133e16690_0;
    %parti/s 5, 22, 6;
    %pad/u 7;
    %ix/vec4 4;
    %store/vec4a v0x133e06310, 4, 0;
T_0.9 ;
    %jmp T_0.7;
T_0.2 ;
    %load/vec4 v0x133e16690_0;
    %parti/s 1, 16, 6;
    %flag_set/vec4 8;
    %jmp/0xz  T_0.10, 8;
    %load/vec4 v0x133e16690_0;
    %parti/s 5, 17, 6;
    %pad/u 7;
    %ix/vec4 4;
    %load/vec4a v0x133e06310, 4;
    %load/vec4 v0x133e16690_0;
    %parti/s 16, 0, 2;
    %add;
    %load/vec4 v0x133e16690_0;
    %parti/s 5, 22, 6;
    %pad/u 7;
    %ix/vec4 4;
    %store/vec4a v0x133e06310, 4, 0;
    %jmp T_0.11;
T_0.10 ;
    %load/vec4 v0x133e16690_0;
    %parti/s 5, 17, 6;
    %pad/u 7;
    %ix/vec4 4;
    %load/vec4a v0x133e06310, 4;
    %load/vec4 v0x133e16690_0;
    %parti/s 5, 11, 5;
    %pad/u 7;
    %ix/vec4 4;
    %load/vec4a v0x133e06310, 4;
    %add;
    %load/vec4 v0x133e16690_0;
    %parti/s 5, 22, 6;
    %pad/u 7;
    %ix/vec4 4;
    %store/vec4a v0x133e06310, 4, 0;
T_0.11 ;
    %jmp T_0.7;
T_0.3 ;
    %load/vec4 v0x133e16690_0;
    %parti/s 1, 16, 6;
    %flag_set/vec4 8;
    %jmp/0xz  T_0.12, 8;
    %load/vec4 v0x133e16690_0;
    %parti/s 5, 17, 6;
    %pad/u 7;
    %ix/vec4 4;
    %load/vec4a v0x133e06310, 4;
    %load/vec4 v0x133e16690_0;
    %parti/s 16, 0, 2;
    %sub;
    %load/vec4 v0x133e16690_0;
    %parti/s 5, 22, 6;
    %pad/u 7;
    %ix/vec4 4;
    %store/vec4a v0x133e06310, 4, 0;
    %jmp T_0.13;
T_0.12 ;
    %load/vec4 v0x133e16690_0;
    %parti/s 5, 17, 6;
    %pad/u 7;
    %ix/vec4 4;
    %load/vec4a v0x133e06310, 4;
    %load/vec4 v0x133e16690_0;
    %parti/s 5, 11, 5;
    %pad/u 7;
    %ix/vec4 4;
    %load/vec4a v0x133e06310, 4;
    %sub;
    %load/vec4 v0x133e16690_0;
    %parti/s 5, 22, 6;
    %pad/u 7;
    %ix/vec4 4;
    %store/vec4a v0x133e06310, 4, 0;
T_0.13 ;
    %jmp T_0.7;
T_0.4 ;
    %load/vec4 v0x133e16690_0;
    %parti/s 1, 16, 6;
    %flag_set/vec4 8;
    %jmp/0xz  T_0.14, 8;
    %load/vec4 v0x133e16690_0;
    %parti/s 5, 17, 6;
    %pad/u 7;
    %ix/vec4 4;
    %load/vec4a v0x133e06310, 4;
    %pad/u 32;
    %load/vec4 v0x133e16690_0;
    %parti/s 16, 0, 2;
    %pad/u 32;
    %mul;
    %store/vec4 v0x133e167e0_0, 0, 32;
    %jmp T_0.15;
T_0.14 ;
    %load/vec4 v0x133e16690_0;
    %parti/s 5, 17, 6;
    %pad/u 7;
    %ix/vec4 4;
    %load/vec4a v0x133e06310, 4;
    %pad/u 32;
    %load/vec4 v0x133e16690_0;
    %parti/s 5, 11, 5;
    %pad/u 7;
    %ix/vec4 4;
    %load/vec4a v0x133e06310, 4;
    %pad/u 32;
    %mul;
    %store/vec4 v0x133e167e0_0, 0, 32;
T_0.15 ;
    %load/vec4 v0x133e167e0_0;
    %parti/s 16, 0, 2;
    %load/vec4 v0x133e16690_0;
    %parti/s 5, 22, 6;
    %pad/u 7;
    %ix/vec4 4;
    %store/vec4a v0x133e06310, 4, 0;
    %load/vec4 v0x133e167e0_0;
    %parti/s 16, 16, 6;
    %store/vec4 v0x133e16730_0, 0, 16;
    %jmp T_0.7;
T_0.5 ;
    %load/vec4 v0x133e16690_0;
    %parti/s 1, 16, 6;
    %flag_set/vec4 8;
    %jmp/0xz  T_0.16, 8;
    %load/vec4 v0x133e16690_0;
    %parti/s 5, 17, 6;
    %pad/u 7;
    %ix/vec4 4;
    %load/vec4a v0x133e06310, 4;
    %load/vec4 v0x133e16690_0;
    %parti/s 16, 0, 2;
    %or;
    %load/vec4 v0x133e16690_0;
    %parti/s 5, 22, 6;
    %pad/u 7;
    %ix/vec4 4;
    %store/vec4a v0x133e06310, 4, 0;
    %jmp T_0.17;
T_0.16 ;
    %load/vec4 v0x133e16690_0;
    %parti/s 5, 17, 6;
    %pad/u 7;
    %ix/vec4 4;
    %load/vec4a v0x133e06310, 4;
    %load/vec4 v0x133e16690_0;
    %parti/s 5, 11, 5;
    %pad/u 7;
    %ix/vec4 4;
    %load/vec4a v0x133e06310, 4;
    %or;
    %load/vec4 v0x133e16690_0;
    %parti/s 5, 22, 6;
    %pad/u 7;
    %ix/vec4 4;
    %store/vec4a v0x133e06310, 4, 0;
T_0.17 ;
    %jmp T_0.7;
T_0.7 ;
    %pop/vec4 1;
    %jmp T_0;
    .thread T_0, $push;
# The file index is used to find the file name in the following table.
:file_names 3;
    "N/A";
    "<interactive>";
    "IR_and_GPR.v";
